21:26:56,358 DEBUG devpinoyLogger<strong>{1}</strong>:97 - Browser launched successfully!!!
21:27:03,923 DEBUG devpinoyLogger<strong>{1}</strong>:111 - Navigated to Agog site
21:27:06,243 DEBUG devpinoyLogger<strong>{1}</strong>:22 - On login page
21:27:11,765 DEBUG devpinoyLogger<strong>{1}</strong>:35 - Login is successfull!!
21:27:11,801 DEBUG freemarker.cache<strong>{1}</strong>:45 - Couldn't find template in cache for "Extent.ftl"("en_IN", UTF-8, parsed); will try to load it.
21:27:11,804 DEBUG freemarker.cache<strong>{1}</strong>:45 - TemplateLoader.findTemplateSource("Extent_en_IN.ftl"): Not found
21:27:11,805 DEBUG freemarker.cache<strong>{1}</strong>:45 - TemplateLoader.findTemplateSource("Extent_en.ftl"): Not found
21:27:11,807 DEBUG freemarker.cache<strong>{1}</strong>:45 - TemplateLoader.findTemplateSource("Extent.ftl"): Found
21:27:11,807 DEBUG freemarker.cache<strong>{1}</strong>:45 - Loading template for "Extent.ftl"("en_IN", UTF-8, parsed) from "jar:file:/C:/Users/Terralogic/.m2/repository/com/relevantcodes/extentreports/2.41.2/extentreports-2.41.2.jar!/com/relevantcodes/extentreports/view/Extent.ftl"
21:27:17,774 DEBUG freemarker.cache<strong>{1}</strong>:45 - Couldn't find template in cache for "Extent.ftl"("en_IN", UTF-8, parsed); will try to load it.
21:27:17,774 DEBUG freemarker.cache<strong>{1}</strong>:45 - TemplateLoader.findTemplateSource("Extent_en_IN.ftl"): Not found
21:27:17,778 DEBUG freemarker.cache<strong>{1}</strong>:45 - TemplateLoader.findTemplateSource("Extent_en.ftl"): Not found
21:27:17,778 DEBUG freemarker.cache<strong>{1}</strong>:45 - TemplateLoader.findTemplateSource("Extent.ftl"): Found
21:27:17,779 DEBUG freemarker.cache<strong>{1}</strong>:45 - Loading template for "Extent.ftl"("en_IN", UTF-8, parsed) from "jar:file:/C:/Users/Terralogic/.m2/repository/com/relevantcodes/extentreports/2.41.2/extentreports-2.41.2.jar!/com/relevantcodes/extentreports/view/Extent.ftl"
21:27:17,931 DEBUG freemarker.cache<strong>{1}</strong>:45 - Couldn't find template in cache for "Extent.ftl"("en_IN", UTF-8, parsed); will try to load it.
21:27:17,931 DEBUG freemarker.cache<strong>{1}</strong>:45 - TemplateLoader.findTemplateSource("Extent_en_IN.ftl"): Not found
21:27:17,934 DEBUG freemarker.cache<strong>{1}</strong>:45 - TemplateLoader.findTemplateSource("Extent_en.ftl"): Not found
21:27:17,935 DEBUG freemarker.cache<strong>{1}</strong>:45 - TemplateLoader.findTemplateSource("Extent.ftl"): Found
21:27:17,936 DEBUG freemarker.cache<strong>{1}</strong>:45 - Loading template for "Extent.ftl"("en_IN", UTF-8, parsed) from "jar:file:/C:/Users/Terralogic/.m2/repository/com/relevantcodes/extentreports/2.41.2/extentreports-2.41.2.jar!/com/relevantcodes/extentreports/view/Extent.ftl"
21:27:32,399 DEBUG freemarker.cache<strong>{1}</strong>:45 - Couldn't find template in cache for "Extent.ftl"("en_IN", UTF-8, parsed); will try to load it.
21:27:32,401 DEBUG freemarker.cache<strong>{1}</strong>:45 - TemplateLoader.findTemplateSource("Extent_en_IN.ftl"): Not found
21:27:32,402 DEBUG freemarker.cache<strong>{1}</strong>:45 - TemplateLoader.findTemplateSource("Extent_en.ftl"): Not found
21:27:32,403 DEBUG freemarker.cache<strong>{1}</strong>:45 - TemplateLoader.findTemplateSource("Extent.ftl"): Found
21:27:32,404 DEBUG freemarker.cache<strong>{1}</strong>:45 - Loading template for "Extent.ftl"("en_IN", UTF-8, parsed) from "jar:file:/C:/Users/Terralogic/.m2/repository/com/relevantcodes/extentreports/2.41.2/extentreports-2.41.2.jar!/com/relevantcodes/extentreports/view/Extent.ftl"
21:27:33,249 DEBUG devpinoyLogger<strong>{1}</strong>:125 - Test execution completed!!!
